<?xml version="1.0" encoding="UTF-8"?>
<robot generator="Robot 3.1.2 (Python 3.7.3 on win32)" generated="20200623 02:23:19.828" rpa="false">
<suite id="s1" name="Suite1" source="H:\JUSTEAT\test\Suite1.robot">
<test id="s1-t1" name="Test Case 001 Google Chrome">
<kw name="Launch Application with Google Chrome" library="MainPage" type="setup">
<doc>Type in the browser name you want to use. Example: For chrome, Type "Google Chrome". For Internet Explorer, Type "Internet Explorer"</doc>
<kw name="Run Keyword If" library="BuiltIn">
<doc>Runs the given keyword with the given arguments, if ``condition`` is true.</doc>
<arguments>
<arg>"${Browser}"=="Google Chrome"</arg>
<arg>Open Browser</arg>
<arg>${appURL}</arg>
<arg>gc</arg>
</arguments>
<kw name="Open Browser" library="SeleniumLibrary">
<doc>Opens a new browser instance to the given ``url``.</doc>
<arguments>
<arg>${appURL}</arg>
<arg>gc</arg>
</arguments>
<msg timestamp="20200623 02:23:20.692" level="INFO">Opening browser 'gc' to base url 'https://www.just-eat.co.uk/'.</msg>
<status status="PASS" starttime="20200623 02:23:20.691" endtime="20200623 02:23:28.454"></status>
</kw>
<status status="PASS" starttime="20200623 02:23:20.691" endtime="20200623 02:23:28.454"></status>
</kw>
<kw name="Run Keyword If" library="BuiltIn">
<doc>Runs the given keyword with the given arguments, if ``condition`` is true.</doc>
<arguments>
<arg>"${Browser}"=="Internet Explorer"</arg>
<arg>Open Browser</arg>
<arg>${appURL}</arg>
<arg>IE</arg>
</arguments>
<status status="PASS" starttime="20200623 02:23:28.455" endtime="20200623 02:23:28.455"></status>
</kw>
<kw name="Wait Until Element Is Visible" library="SeleniumLibrary">
<doc>Waits until the element ``locator`` is visible.</doc>
<arguments>
<arg>${postalcodeTextBox}</arg>
<arg>50s</arg>
</arguments>
<status status="PASS" starttime="20200623 02:23:28.456" endtime="20200623 02:23:28.799"></status>
</kw>
<kw name="Maximize Browser Window" library="SeleniumLibrary">
<doc>Maximizes current browser window.</doc>
<status status="PASS" starttime="20200623 02:23:28.799" endtime="20200623 02:23:30.391"></status>
</kw>
<kw name="Capture Page Screenshot" library="SeleniumLibrary">
<doc>Takes a screenshot of the current page and embeds it into a log file.</doc>
<arguments>
<arg>filename=${TEST_NAME}_{index}.png</arg>
</arguments>
<msg timestamp="20200623 02:23:32.261" level="INFO" html="yes">&lt;/td&gt;&lt;/tr&gt;&lt;tr&gt;&lt;td colspan="3"&gt;&lt;a href="Test%20Case%20001%20Google%20Chrome_1.png"&gt;&lt;img src="Test%20Case%20001%20Google%20Chrome_1.png" width="800px"&gt;&lt;/a&gt;</msg>
<status status="PASS" starttime="20200623 02:23:30.392" endtime="20200623 02:23:32.261"></status>
</kw>
<status status="PASS" starttime="20200623 02:23:20.690" endtime="20200623 02:23:32.261"></status>
</kw>
<kw name="Given I want food in &quot;AR51 1AA&quot;" library="MainPage">
<kw name="Input Text" library="SeleniumLibrary">
<doc>Types the given ``text`` into the text field identified by ``locator``.</doc>
<arguments>
<arg>${postalcodeTextBox}</arg>
<arg>${postalCode}</arg>
</arguments>
<msg timestamp="20200623 02:23:32.266" level="INFO">Typing text 'AR51 1AA' into text field '//input[contains(@name, 'postcode')]'.</msg>
<status status="PASS" starttime="20200623 02:23:32.265" endtime="20200623 02:23:32.651"></status>
</kw>
<kw name="Capture Element Screenshot" library="SeleniumLibrary">
<doc>Captures a screenshot from the element identified by ``locator`` and embeds it into log file.</doc>
<arguments>
<arg>${postalcodeTextBox}</arg>
<arg>filename=${TEST_NAME}_{index}.png</arg>
</arguments>
<msg timestamp="20200623 02:23:33.312" level="INFO" html="yes">&lt;/td&gt;&lt;/tr&gt;&lt;tr&gt;&lt;td colspan="3"&gt;&lt;a href="Test%20Case%20001%20Google%20Chrome_2.png"&gt;&lt;img src="Test%20Case%20001%20Google%20Chrome_2.png" width="400px"&gt;&lt;/a&gt;</msg>
<status status="PASS" starttime="20200623 02:23:32.651" endtime="20200623 02:23:33.312"></status>
</kw>
<status status="PASS" starttime="20200623 02:23:32.263" endtime="20200623 02:23:33.312"></status>
</kw>
<kw name="When I search for restaurants" library="MainPage">
<kw name="Click Button" library="SeleniumLibrary">
<doc>Clicks the button identified by ``locator``.</doc>
<arguments>
<arg>${searchButton}</arg>
</arguments>
<msg timestamp="20200623 02:23:33.315" level="INFO">Clicking button '//button[@type="submit"]'.</msg>
<status status="PASS" starttime="20200623 02:23:33.315" endtime="20200623 02:23:42.452"></status>
</kw>
<kw name="Capture Element Screenshot" library="SeleniumLibrary">
<doc>Captures a screenshot from the element identified by ``locator`` and embeds it into log file.</doc>
<arguments>
<arg>${searchButton}</arg>
<arg>filename=${TEST_NAME}_{index}.png</arg>
</arguments>
<msg timestamp="20200623 02:23:43.210" level="INFO" html="yes">&lt;/td&gt;&lt;/tr&gt;&lt;tr&gt;&lt;td colspan="3"&gt;&lt;a href="Test%20Case%20001%20Google%20Chrome_3.png"&gt;&lt;img src="Test%20Case%20001%20Google%20Chrome_3.png" width="400px"&gt;&lt;/a&gt;</msg>
<status status="PASS" starttime="20200623 02:23:42.453" endtime="20200623 02:23:43.210"></status>
</kw>
<status status="PASS" starttime="20200623 02:23:33.314" endtime="20200623 02:23:43.211"></status>
</kw>
<kw name="Then I should see some restaurants in &quot;AR51 1AA&quot;" library="MainPage">
<kw name="Wait Until Element Is Visible" library="SeleniumLibrary">
<doc>Waits until the element ``locator`` is visible.</doc>
<arguments>
<arg>${leftpanePostCode}</arg>
<arg>50s</arg>
</arguments>
<status status="PASS" starttime="20200623 02:23:43.223" endtime="20200623 02:23:43.321"></status>
</kw>
<kw name="Get number of restaurants" library="MainPage">
<arguments>
<arg>${openCountText}</arg>
</arguments>
<assign>
<var>${openCount}</var>
</assign>
<kw name="Get Text" library="SeleniumLibrary">
<doc>Returns the text value of the element identified by ``locator``.</doc>
<arguments>
<arg>${orderType}</arg>
</arguments>
<assign>
<var>${orderCount}</var>
</assign>
<msg timestamp="20200623 02:23:43.390" level="INFO">${orderCount} = 1179 open restaurants</msg>
<status status="PASS" starttime="20200623 02:23:43.322" endtime="20200623 02:23:43.390"></status>
</kw>
<kw name="Strip String" library="String">
<doc>Remove leading and/or trailing whitespaces from the given string.</doc>
<arguments>
<arg>${orderCount}</arg>
<arg>characters=${SPACE}openrstua</arg>
</arguments>
<assign>
<var>${orderCount}</var>
</assign>
<msg timestamp="20200623 02:23:43.391" level="INFO">${orderCount} = 1179</msg>
<status status="PASS" starttime="20200623 02:23:43.390" endtime="20200623 02:23:43.391"></status>
</kw>
<kw name="Strip String" library="String">
<doc>Remove leading and/or trailing whitespaces from the given string.</doc>
<arguments>
<arg>${orderCount}</arg>
</arguments>
<assign>
<var>${orderCount}</var>
</assign>
<msg timestamp="20200623 02:23:43.392" level="INFO">${orderCount} = 1179</msg>
<status status="PASS" starttime="20200623 02:23:43.391" endtime="20200623 02:23:43.392"></status>
</kw>
<kw name="Capture Element Screenshot" library="SeleniumLibrary">
<doc>Captures a screenshot from the element identified by ``locator`` and embeds it into log file.</doc>
<arguments>
<arg>${orderType}</arg>
<arg>filename=${TEST_NAME}_{index}.png</arg>
</arguments>
<msg timestamp="20200623 02:23:43.966" level="INFO" html="yes">&lt;/td&gt;&lt;/tr&gt;&lt;tr&gt;&lt;td colspan="3"&gt;&lt;a href="Test%20Case%20001%20Google%20Chrome_4.png"&gt;&lt;img src="Test%20Case%20001%20Google%20Chrome_4.png" width="400px"&gt;&lt;/a&gt;</msg>
<status status="PASS" starttime="20200623 02:23:43.392" endtime="20200623 02:23:43.966"></status>
</kw>
<msg timestamp="20200623 02:23:43.967" level="INFO">${openCount} = 1179</msg>
<status status="PASS" starttime="20200623 02:23:43.321" endtime="20200623 02:23:43.967"></status>
</kw>
<kw name="Run Keyword And Return Status" library="BuiltIn">
<doc>Runs the given keyword with given arguments and returns the status as a Boolean value.</doc>
<arguments>
<arg>Should be true</arg>
<arg>${openCount}</arg>
</arguments>
<assign>
<var>${blnStatus}</var>
</assign>
<kw name="Should Be True" library="BuiltIn">
<doc>Fails if the given condition is not true.</doc>
<arguments>
<arg>${openCount}</arg>
</arguments>
<status status="PASS" starttime="20200623 02:23:43.969" endtime="20200623 02:23:43.970"></status>
</kw>
<msg timestamp="20200623 02:23:43.970" level="INFO">${blnStatus} = True</msg>
<status status="PASS" starttime="20200623 02:23:43.967" endtime="20200623 02:23:43.970"></status>
</kw>
<kw name="Run Keyword If" library="BuiltIn">
<doc>Runs the given keyword with the given arguments, if ``condition`` is true.</doc>
<arguments>
<arg>${blnStatus}</arg>
<arg>Log</arg>
<arg>There are ${openCount} open restaurants in postal code "${postalCode}"</arg>
<arg>ELSE</arg>
<arg>There are no restaurants in postal code "${postalCode}"</arg>
</arguments>
<kw name="Log" library="BuiltIn">
<doc>Logs the given message with the given level.</doc>
<arguments>
<arg>There are ${openCount} open restaurants in postal code "${postalCode}"</arg>
</arguments>
<msg timestamp="20200623 02:23:43.972" level="INFO">There are 1179 open restaurants in postal code ""AR51 1AA""</msg>
<status status="PASS" starttime="20200623 02:23:43.971" endtime="20200623 02:23:43.972"></status>
</kw>
<status status="PASS" starttime="20200623 02:23:43.970" endtime="20200623 02:23:43.972"></status>
</kw>
<status status="PASS" starttime="20200623 02:23:43.222" endtime="20200623 02:23:43.972"></status>
</kw>
<kw name="Capture Page Screenshot and Close Browser" library="MainPage" type="teardown">
<kw name="Capture Page Screenshot" library="SeleniumLibrary">
<doc>Takes a screenshot of the current page and embeds it into a log file.</doc>
<arguments>
<arg>filename=${TEST_NAME}_{index}.png</arg>
</arguments>
<msg timestamp="20200623 02:23:44.765" level="INFO" html="yes">&lt;/td&gt;&lt;/tr&gt;&lt;tr&gt;&lt;td colspan="3"&gt;&lt;a href="Test%20Case%20001%20Google%20Chrome_5.png"&gt;&lt;img src="Test%20Case%20001%20Google%20Chrome_5.png" width="800px"&gt;&lt;/a&gt;</msg>
<status status="PASS" starttime="20200623 02:23:43.974" endtime="20200623 02:23:44.765"></status>
</kw>
<kw name="Close Browser" library="SeleniumLibrary">
<doc>Closes the current browser.</doc>
<status status="PASS" starttime="20200623 02:23:44.765" endtime="20200623 02:23:47.663"></status>
</kw>
<status status="PASS" starttime="20200623 02:23:43.973" endtime="20200623 02:23:47.664"></status>
</kw>
<tags>
<tag>GC</tag>
<tag>Sanity</tag>
<tag>TC001</tag>
</tags>
<status status="PASS" starttime="20200623 02:23:20.689" endtime="20200623 02:23:47.664" critical="yes"></status>
</test>
<status status="PASS" starttime="20200623 02:23:19.840" endtime="20200623 02:23:47.666"></status>
</suite>
<statistics>
<total>
<stat pass="1" fail="0">Critical Tests</stat>
<stat pass="1" fail="0">All Tests</stat>
</total>
<tag>
<stat pass="1" fail="0">GC</stat>
<stat pass="1" fail="0">Sanity</stat>
<stat pass="1" fail="0">TC001</stat>
</tag>
<suite>
<stat pass="1" fail="0" id="s1" name="Suite1">Suite1</stat>
</suite>
</statistics>
<errors>
</errors>
</robot>
